<?xml version="1.0" encoding="UTF-8"?>
<!-- Generated by org.testng.reporters.JUnitXMLReporter -->
<testsuite hostname="DESKTOP-N51RDEP" ignored="0" name="Test" tests="7" failures="5" timestamp="17 Jul 2021 03:58:10 GMT" time="62.468" errors="0">
  <testcase name="loginTest" time="2.788" classname="com.swap.TestCases.TC_LoginTest_001">
    <failure type="java.lang.AssertionError" message="expected [true] but found [false]">
      <![CDATA[java.lang.AssertionError: expected [true] but found [false]
at com.swap.TestCases.TC_LoginTest_001.loginTest(TC_LoginTest_001.java:30)
... Removed 29 stack frames]]>
    </failure>
  </testcase> <!-- loginTest -->
  <testcase name="loginDDT" time="6.657" classname="com.swap.TestCases.TC_LoginDDT_002"/>
  <testcase name="loginDDT" time="4.043" classname="com.swap.TestCases.TC_LoginDDT_002">
    <failure type="java.lang.AssertionError" message="The following asserts failed:
	expected [true] but found [false]">
      <![CDATA[java.lang.AssertionError: The following asserts failed:
expected [true] but found [false]
at com.swap.TestCases.TC_LoginDDT_002.loginDDT(TC_LoginDDT_002.java:46)
... Removed 26 stack frames]]>
    </failure>
  </testcase> <!-- loginDDT -->
  <testcase name="loginDDT" time="2.479" classname="com.swap.TestCases.TC_LoginDDT_002">
    <failure type="java.lang.AssertionError" message="The following asserts failed:
	expected [true] but found [false]">
      <![CDATA[java.lang.AssertionError: The following asserts failed:
expected [true] but found [false]
at com.swap.TestCases.TC_LoginDDT_002.loginDDT(TC_LoginDDT_002.java:46)
... Removed 26 stack frames]]>
    </failure>
  </testcase> <!-- loginDDT -->
  <testcase name="loginDDT" time="2.252" classname="com.swap.TestCases.TC_LoginDDT_002">
    <failure type="java.lang.AssertionError" message="The following asserts failed:
	expected [true] but found [false]">
      <![CDATA[java.lang.AssertionError: The following asserts failed:
expected [true] but found [false]
at com.swap.TestCases.TC_LoginDDT_002.loginDDT(TC_LoginDDT_002.java:46)
... Removed 26 stack frames]]>
    </failure>
  </testcase> <!-- loginDDT -->
  <testcase name="loginDDT" time="2.528" classname="com.swap.TestCases.TC_LoginDDT_002">
    <failure type="java.lang.AssertionError" message="The following asserts failed:
	expected [true] but found [false]">
      <![CDATA[java.lang.AssertionError: The following asserts failed:
expected [true] but found [false]
at com.swap.TestCases.TC_LoginDDT_002.loginDDT(TC_LoginDDT_002.java:46)
... Removed 26 stack frames]]>
    </failure>
  </testcase> <!-- loginDDT -->
  <testcase name="addNewCustomer" time="12.114" classname="com.swap.TestCases.TC_NewCustomer_003"/>
</testsuite> <!-- Test -->
