<?xml version="1.0" encoding="UTF-8"?>
<!-- Generated by org.testng.reporters.JUnitXMLReporter -->
<testsuite hostname="DESKTOP-N51RDEP" ignored="0" name="Test(failed)" tests="5" failures="4" timestamp="17 Jul 2021 04:00:28 GMT" time="31.796" errors="0">
  <testcase name="loginTest" time="2.641" classname="com.swap.TestCases.TC_LoginTest_001"/>
  <testcase name="loginDDT" time="3.186" classname="com.swap.TestCases.TC_LoginDDT_002">
    <failure type="java.lang.AssertionError" message="The following asserts failed:
	expected [true] but found [false]">
      <![CDATA[java.lang.AssertionError: The following asserts failed:
expected [true] but found [false]
at com.swap.TestCases.TC_LoginDDT_002.loginDDT(TC_LoginDDT_002.java:46)
... Removed 26 stack frames]]>
    </failure>
  </testcase> <!-- loginDDT -->
  <testcase name="loginDDT" time="2.961" classname="com.swap.TestCases.TC_LoginDDT_002">
    <failure type="java.lang.AssertionError" message="The following asserts failed:
	expected [true] but found [false]">
      <![CDATA[java.lang.AssertionError: The following asserts failed:
expected [true] but found [false]
at com.swap.TestCases.TC_LoginDDT_002.loginDDT(TC_LoginDDT_002.java:46)
... Removed 26 stack frames]]>
    </failure>
  </testcase> <!-- loginDDT -->
  <testcase name="loginDDT" time="2.264" classname="com.swap.TestCases.TC_LoginDDT_002">
    <failure type="java.lang.AssertionError" message="The following asserts failed:
	expected [true] but found [false]">
      <![CDATA[java.lang.AssertionError: The following asserts failed:
expected [true] but found [false]
at com.swap.TestCases.TC_LoginDDT_002.loginDDT(TC_LoginDDT_002.java:46)
... Removed 26 stack frames]]>
    </failure>
  </testcase> <!-- loginDDT -->
  <testcase name="loginDDT" time="2.212" classname="com.swap.TestCases.TC_LoginDDT_002">
    <failure type="java.lang.AssertionError" message="The following asserts failed:
	expected [true] but found [false]">
      <![CDATA[java.lang.AssertionError: The following asserts failed:
expected [true] but found [false]
at com.swap.TestCases.TC_LoginDDT_002.loginDDT(TC_LoginDDT_002.java:46)
... Removed 26 stack frames]]>
    </failure>
  </testcase> <!-- loginDDT -->
</testsuite> <!-- Test(failed) -->
